#-----------------------------------------------------------
# Vivado v2018.2 (64-bit)
# SW Build 2258646 on Thu Jun 14 20:02:38 MDT 2018
# IP Build 2256618 on Thu Jun 14 22:10:49 MDT 2018
# Start of session at: Mon May  6 10:25:00 2024
# Process ID: 49454
# Current directory: /home/wajid/CA_Lab/UART/Riscv_3stage_piplined
# Command line: vivado
# Log file: /home/wajid/CA_Lab/UART/Riscv_3stage_piplined/vivado.log
# Journal file: /home/wajid/CA_Lab/UART/Riscv_3stage_piplined/vivado.jou
#-----------------------------------------------------------
start_gui
open_project /home/wajid/CA_Lab/UART/Riscv_3stage_piplined/CEP/CEP.xpr
Scanning sources...
Finished scanning sources
INFO: [IP_Flow 19-234] Refreshing IP repositories
INFO: [IP_Flow 19-1704] No user IP repositories specified
INFO: [IP_Flow 19-2313] Loaded Vivado IP repository '/opt/Xilinx/Vivado/2018.2/data/ip'.
open_project: Time (s): cpu = 00:00:16 ; elapsed = 00:00:06 . Memory (MB): peak = 6089.574 ; gain = 104.172 ; free physical = 1715 ; free virtual = 14825
update_compile_order -fileset sources_1
reset_run synth_1
launch_runs synth_1 -jobs 2
[Mon May  6 10:32:51 2024] Launched synth_1...
Run output will be captured here: /home/wajid/CA_Lab/UART/Riscv_3stage_piplined/CEP/CEP.runs/synth_1/runme.log
reset_run synth_1
launch_runs synth_1 -jobs 2
[Mon May  6 10:36:20 2024] Launched synth_1...
Run output will be captured here: /home/wajid/CA_Lab/UART/Riscv_3stage_piplined/CEP/CEP.runs/synth_1/runme.log
reset_run synth_1
launch_runs synth_1 -jobs 2
[Mon May  6 10:38:35 2024] Launched synth_1...
Run output will be captured here: /home/wajid/CA_Lab/UART/Riscv_3stage_piplined/CEP/CEP.runs/synth_1/runme.log
reset_run synth_1
launch_runs synth_1 -jobs 2
[Mon May  6 10:43:25 2024] Launched synth_1...
Run output will be captured here: /home/wajid/CA_Lab/UART/Riscv_3stage_piplined/CEP/CEP.runs/synth_1/runme.log
launch_runs impl_1 -jobs 2
[Mon May  6 10:44:50 2024] Launched impl_1...
Run output will be captured here: /home/wajid/CA_Lab/UART/Riscv_3stage_piplined/CEP/CEP.runs/impl_1/runme.log
export_ip_user_files -of_objects  [get_files /home/wajid/CA_Lab/UART/Riscv_3stage_piplined/main_tb.sv] -no_script -reset -force -quiet
remove_files  /home/wajid/CA_Lab/UART/Riscv_3stage_piplined/main_tb.sv
reset_run synth_1
launch_runs synth_1 -jobs 2
[Mon May  6 10:54:33 2024] Launched synth_1...
Run output will be captured here: /home/wajid/CA_Lab/UART/Riscv_3stage_piplined/CEP/CEP.runs/synth_1/runme.log
launch_runs impl_1 -jobs 2
[Mon May  6 10:55:19 2024] Launched impl_1...
Run output will be captured here: /home/wajid/CA_Lab/UART/Riscv_3stage_piplined/CEP/CEP.runs/impl_1/runme.log
export_ip_user_files -of_objects  [get_files /home/wajid/CA_Lab/UART/Riscv_3stage_piplined/design/core/main.sv] -no_script -reset -force -quiet
export_ip_user_files -of_objects  [get_files /home/wajid/CA_Lab/UART/Riscv_3stage_piplined/design/core/csr_regfile.sv] -no_script -reset -force -quiet
export_ip_user_files -of_objects  [get_files /home/wajid/CA_Lab/UART/Riscv_3stage_piplined/design/uart/uart_baud.sv] -no_script -reset -force -quiet
remove_files  {/home/wajid/CA_Lab/UART/Riscv_3stage_piplined/design/core/main.sv /home/wajid/CA_Lab/UART/Riscv_3stage_piplined/design/core/csr_regfile.sv /home/wajid/CA_Lab/UART/Riscv_3stage_piplined/design/uart/uart_baud.sv}
